<?xml version="1.0" encoding="UTF-8"?>
<testsuite name="training.ProgrammerSalaryCalculatorTest" tests="3" skipped="0" failures="0" errors="0" timestamp="2024-02-08T08:07:23" hostname="Romans-MacBook-Pro.local" time="5.502">
  <properties/>
  <testcase name="[1] 10000.0" classname="training.ProgrammerSalaryCalculatorTest" time="3.765"/>
  <testcase name="[2] 25000.0" classname="training.ProgrammerSalaryCalculatorTest" time="1.093"/>
  <testcase name="[3] 50000.0" classname="training.ProgrammerSalaryCalculatorTest" time="0.626"/>
  <system-out><![CDATA[]]></system-out>
  <system-err><![CDATA[]]></system-err>
</testsuite>
